<?xml version="1.0" encoding="UTF-8"?>
<!-- Generated by org.testng.reporters.JUnitReportReporter -->
<testsuite hostname="InnovationM-122" name="undostres.testing.testscripts.TestScripts" tests="1" failures="0" timestamp="21 Jul 2020 06:53:55 GMT" time="287.461" errors="0">
  <testcase name="first" time="287.461" classname="undostres.testing.testscripts.TestScripts"/>
</testsuite> <!-- undostres.testing.testscripts.TestScripts -->
